2022-04-17 20:45:24,719 [INFO] app: Before Request
2022-04-17 20:45:24,822 [INFO] app: After Request
2022-04-17 20:45:24,839 [INFO] app: Before Request
2022-04-17 20:45:24,939 [INFO] app: After Request
2022-04-17 20:45:24,957 [INFO] app: Before Request
2022-04-17 20:45:25,058 [INFO] app: After Request
2022-04-17 20:45:25,075 [INFO] app: Before Request
2022-04-17 20:45:25,175 [INFO] app: After Request
2022-04-17 20:45:25,193 [INFO] app: Before Request
2022-04-17 20:45:25,295 [INFO] app: After Request
2022-04-17 20:45:25,312 [INFO] app: Before Request
2022-04-17 20:45:25,411 [INFO] app: After Request
2022-04-17 20:45:25,429 [INFO] app: Before Request
2022-04-17 20:45:25,528 [INFO] app: After Request
2022-04-17 20:45:25,546 [INFO] app: Before Request
2022-04-17 20:45:25,648 [INFO] app: After Request
2022-04-17 20:46:39,173 [INFO] app: Before Request
2022-04-17 20:46:39,276 [INFO] app: After Request
2022-04-17 20:46:39,294 [INFO] app: Before Request
2022-04-17 20:46:39,295 [INFO] app: After Request
2022-04-17 20:46:39,296 [INFO] app: Before Request
2022-04-17 20:46:39,397 [INFO] app: After Request
2022-04-17 20:46:39,398 [INFO] app: Before Request
2022-04-17 20:46:39,407 [INFO] app: After Request
2022-04-17 20:46:39,464 [INFO] app: Before Request
2022-04-17 20:46:39,566 [INFO] app: After Request
2022-04-17 20:46:39,583 [INFO] app: Before Request
2022-04-17 20:46:39,684 [INFO] app: After Request
2022-04-17 20:46:39,701 [INFO] app: Before Request
2022-04-17 20:46:39,802 [INFO] app: After Request
2022-04-17 20:46:39,819 [INFO] app: Before Request
2022-04-17 20:46:39,920 [INFO] app: After Request
2022-04-17 20:46:39,937 [INFO] app: Before Request
2022-04-17 20:46:40,040 [INFO] app: After Request
2022-04-17 20:46:40,057 [INFO] app: Before Request
2022-04-17 20:46:40,156 [INFO] app: After Request
2022-04-17 20:46:40,174 [INFO] app: Before Request
2022-04-17 20:46:40,276 [INFO] app: After Request
2022-04-17 20:46:40,293 [INFO] app: Before Request
2022-04-17 20:46:40,395 [INFO] app: After Request
2022-04-17 23:11:56,536 [INFO] app: Before Request
2022-04-17 23:11:56,642 [INFO] app: After Request
2022-04-17 23:11:56,661 [INFO] app: Before Request
2022-04-17 23:11:56,662 [INFO] app: After Request
2022-04-17 23:11:56,663 [INFO] app: Before Request
2022-04-17 23:11:56,769 [INFO] app: After Request
2022-04-17 23:11:56,771 [INFO] app: Before Request
2022-04-17 23:11:56,780 [INFO] app: After Request
2022-04-17 23:11:56,962 [INFO] app: Before Request
2022-04-17 23:11:57,064 [INFO] app: After Request
2022-04-17 23:11:57,081 [INFO] app: Before Request
2022-04-17 23:11:57,183 [INFO] app: After Request
2022-04-17 23:11:57,199 [INFO] app: Before Request
2022-04-17 23:11:57,301 [INFO] app: After Request
2022-04-17 23:11:57,319 [INFO] app: Before Request
2022-04-17 23:11:57,421 [INFO] app: After Request
2022-04-17 23:11:57,439 [INFO] app: Before Request
2022-04-17 23:11:57,540 [INFO] app: After Request
2022-04-17 23:11:57,557 [INFO] app: Before Request
2022-04-17 23:11:57,656 [INFO] app: After Request
2022-04-17 23:11:57,674 [INFO] app: Before Request
2022-04-17 23:11:57,774 [INFO] app: After Request
2022-04-17 23:11:57,792 [INFO] app: Before Request
2022-04-17 23:11:57,896 [INFO] app: After Request
2022-04-17 23:20:53,309 [INFO] app: Before Request
2022-04-17 23:20:53,419 [INFO] app: After Request
2022-04-17 23:20:53,503 [INFO] app: Before Request
2022-04-17 23:21:52,868 [INFO] app: Before Request
2022-04-17 23:21:52,887 [INFO] app: After Request
2022-04-17 23:21:52,893 [INFO] app: Before Request
2022-04-17 23:21:52,903 [INFO] app: After Request
2022-04-17 23:21:55,785 [INFO] app: Before Request
2022-04-17 23:21:55,798 [INFO] app: After Request
2022-04-17 23:22:09,379 [INFO] app: Before Request
2022-04-17 23:22:09,586 [INFO] app: After Request
2022-04-17 23:22:09,591 [INFO] app: Before Request
2022-04-17 23:22:09,595 [INFO] app: After Request
2022-04-17 23:22:12,918 [INFO] app: Before Request
2022-04-17 23:22:12,922 [INFO] app: After Request
2022-04-17 23:22:27,757 [INFO] app: Before Request
2022-04-17 23:22:27,899 [INFO] app: After Request
2022-04-17 23:22:27,905 [INFO] app: Before Request
2022-04-17 23:22:27,920 [INFO] app: After Request
2022-04-17 23:22:29,552 [INFO] app: Before Request
2022-04-17 23:22:29,561 [INFO] app: Browse page loading
2022-04-17 23:22:29,614 [INFO] app: After Request
2022-04-17 23:22:29,629 [INFO] app: Before Request
2022-04-17 23:22:53,581 [INFO] app: Before Request
2022-04-17 23:22:53,589 [INFO] app: Browse page loading
2022-04-17 23:22:53,593 [INFO] app: After Request
2022-04-17 23:22:53,608 [INFO] app: Before Request
2022-04-18 20:19:59,524 [INFO] app: Before Request
2022-04-18 20:19:59,721 [INFO] app: After Request
2022-04-18 20:19:59,765 [INFO] app: Before Request
2022-04-18 20:19:59,780 [INFO] app: After Request
2022-04-18 20:19:59,787 [INFO] app: Before Request
2022-04-18 20:19:59,998 [INFO] app: After Request
2022-04-18 20:20:00,003 [INFO] app: Before Request
2022-04-18 20:20:00,021 [INFO] app: After Request
2022-04-18 20:20:00,301 [INFO] app: Before Request
2022-04-18 20:20:00,490 [INFO] app: After Request
2022-04-18 20:20:00,531 [INFO] app: Before Request
2022-04-18 20:20:00,747 [INFO] app: After Request
2022-04-18 20:20:00,795 [INFO] app: Before Request
2022-04-18 20:20:01,019 [INFO] app: After Request
2022-04-18 20:20:01,069 [INFO] app: Before Request
2022-04-18 20:20:01,271 [INFO] app: After Request
2022-04-18 20:20:01,319 [INFO] app: Before Request
2022-04-18 20:20:01,516 [INFO] app: After Request
2022-04-18 20:20:01,559 [INFO] app: Before Request
2022-04-18 20:20:01,763 [INFO] app: After Request
2022-04-18 20:20:01,806 [INFO] app: Before Request
2022-04-18 20:20:02,020 [INFO] app: After Request
2022-04-18 20:20:02,064 [INFO] app: Before Request
2022-04-18 20:20:02,268 [INFO] app: After Request
2022-04-18 20:20:33,496 [INFO] app: Before Request
2022-04-18 20:20:33,714 [INFO] app: After Request
2022-04-18 20:20:33,754 [INFO] app: Before Request
2022-04-18 20:20:33,759 [INFO] app: After Request
2022-04-18 20:20:33,768 [INFO] app: Before Request
2022-04-18 20:20:33,964 [INFO] app: After Request
2022-04-18 20:20:33,974 [INFO] app: Before Request
2022-04-18 20:20:33,987 [INFO] app: After Request
2022-04-18 20:20:34,214 [INFO] app: Before Request
2022-04-18 20:20:34,418 [INFO] app: After Request
2022-04-18 20:20:34,463 [INFO] app: Before Request
2022-04-18 20:20:34,667 [INFO] app: After Request
2022-04-18 20:20:34,717 [INFO] app: Before Request
2022-04-18 20:20:34,921 [INFO] app: After Request
2022-04-18 20:20:34,970 [INFO] app: Before Request
2022-04-18 20:20:35,154 [INFO] app: After Request
2022-04-18 20:20:35,197 [INFO] app: Before Request
2022-04-18 20:20:35,408 [INFO] app: After Request
2022-04-18 20:20:35,455 [INFO] app: Before Request
2022-04-18 20:20:35,676 [INFO] app: After Request
2022-04-18 20:20:35,721 [INFO] app: Before Request
2022-04-18 20:20:35,916 [INFO] app: After Request
2022-04-18 20:20:35,962 [INFO] app: Before Request
2022-04-18 20:20:36,162 [INFO] app: After Request
2022-04-18 20:21:21,320 [INFO] app: Before Request
2022-04-18 20:21:21,524 [INFO] app: After Request
2022-04-18 20:21:21,571 [INFO] app: Before Request
2022-04-18 20:21:21,575 [INFO] app: After Request
2022-04-18 20:21:21,581 [INFO] app: Before Request
2022-04-18 20:21:21,777 [INFO] app: After Request
2022-04-18 20:21:21,786 [INFO] app: Before Request
2022-04-18 20:21:21,801 [INFO] app: After Request
2022-04-18 20:21:21,961 [INFO] app: Before Request
2022-04-18 20:21:22,151 [INFO] app: After Request
2022-04-18 20:21:22,196 [INFO] app: Before Request
2022-04-18 20:21:22,389 [INFO] app: After Request
2022-04-18 20:21:22,435 [INFO] app: Before Request
2022-04-18 20:21:22,632 [INFO] app: After Request
2022-04-18 20:21:22,676 [INFO] app: Before Request
2022-04-18 20:21:22,883 [INFO] app: After Request
2022-04-18 20:21:22,925 [INFO] app: Before Request
2022-04-18 20:21:23,149 [INFO] app: After Request
2022-04-18 20:21:23,190 [INFO] app: Before Request
2022-04-18 20:21:23,380 [INFO] app: After Request
2022-04-18 20:21:23,423 [INFO] app: Before Request
2022-04-18 20:21:23,600 [INFO] app: After Request
2022-04-18 20:21:23,643 [INFO] app: Before Request
2022-04-18 20:21:23,834 [INFO] app: After Request
2022-04-19 01:33:01,345 [INFO] app: Before Request
2022-04-19 01:33:01,453 [INFO] app: After Request
2022-04-19 01:33:01,473 [INFO] app: Before Request
2022-04-19 01:33:01,474 [INFO] app: After Request
2022-04-19 01:33:01,476 [INFO] app: Before Request
2022-04-19 01:33:01,581 [INFO] app: After Request
2022-04-19 01:33:01,583 [INFO] app: Before Request
2022-04-19 01:33:01,592 [INFO] app: After Request
2022-04-19 01:33:01,650 [INFO] app: Before Request
2022-04-19 01:33:01,752 [INFO] app: After Request
2022-04-19 01:33:01,770 [INFO] app: Before Request
2022-04-19 01:33:01,875 [INFO] app: After Request
2022-04-19 01:33:01,895 [INFO] app: Before Request
2022-04-19 01:33:02,001 [INFO] app: After Request
2022-04-19 01:33:02,020 [INFO] app: Before Request
2022-04-19 01:33:02,128 [INFO] app: After Request
2022-04-19 01:33:02,148 [INFO] app: Before Request
2022-04-19 01:33:02,253 [INFO] app: After Request
2022-04-19 01:33:02,272 [INFO] app: Before Request
2022-04-19 01:33:02,373 [INFO] app: After Request
2022-04-19 01:33:02,393 [INFO] app: Before Request
2022-04-19 01:33:02,493 [INFO] app: After Request
2022-04-19 01:33:02,512 [INFO] app: Before Request
2022-04-19 01:33:02,619 [INFO] app: After Request
2022-04-19 01:33:57,462 [INFO] app: Before Request
2022-04-19 01:33:57,570 [INFO] app: After Request
2022-04-19 01:37:30,988 [INFO] app: Before Request
2022-04-19 01:37:36,672 [INFO] app: Before Request
2022-04-19 01:37:36,678 [INFO] app: After Request
2022-04-19 01:37:39,539 [INFO] app: Before Request
2022-04-19 01:37:39,545 [INFO] app: After Request
2022-04-19 01:37:40,172 [INFO] app: Before Request
2022-04-19 01:37:40,183 [INFO] app: After Request
2022-04-19 01:37:40,981 [INFO] app: Before Request
2022-04-19 01:37:40,992 [INFO] app: After Request
2022-04-19 01:37:42,581 [INFO] app: Before Request
2022-04-19 01:37:42,592 [INFO] app: After Request
2022-04-19 02:04:49,722 [INFO] app: Before Request
2022-04-19 02:04:49,830 [INFO] app: After Request
2022-04-19 02:04:51,419 [INFO] app: Before Request
2022-04-19 02:04:51,430 [INFO] app: After Request
2022-04-19 02:04:51,920 [INFO] app: Before Request
2022-04-19 02:04:51,930 [INFO] app: After Request
2022-04-19 02:04:53,367 [INFO] app: Before Request
2022-04-19 02:04:53,378 [INFO] app: After Request
2022-04-19 02:10:11,592 [INFO] app: Before Request
2022-04-19 02:10:11,696 [INFO] app: After Request
2022-04-19 02:10:12,426 [INFO] app: Before Request
2022-04-19 02:10:12,436 [INFO] app: After Request
2022-04-19 02:10:13,116 [INFO] app: Before Request
2022-04-19 02:10:13,128 [INFO] app: After Request
2022-04-19 02:13:00,811 [DEBUG] myRequests: Request Logger
2022-04-19 02:13:00,811 [INFO] app: Before Request
2022-04-19 02:13:00,812 [DEBUG] myDebugs: Debug Logger
2022-04-19 02:13:00,812 [DEBUG] myRequests: Request Logger
2022-04-19 02:13:00,918 [INFO] app: After Request
2022-04-19 02:13:00,919 [DEBUG] myRequests: Request Logger
2022-04-19 02:13:01,649 [INFO] app: Before Request
2022-04-19 02:13:01,649 [DEBUG] myDebugs: Debug Logger
2022-04-19 02:13:01,649 [DEBUG] myRequests: Request Logger
2022-04-19 02:13:01,659 [INFO] app: After Request
2022-04-19 02:13:01,660 [DEBUG] myRequests: Request Logger
2022-04-19 02:13:04,705 [INFO] app: Before Request
2022-04-19 02:13:04,706 [DEBUG] myDebugs: Debug Logger
2022-04-19 02:13:04,706 [DEBUG] myRequests: Request Logger
2022-04-19 02:13:04,718 [INFO] app: After Request
2022-04-19 02:13:04,719 [DEBUG] myRequests: Request Logger
2022-04-19 02:26:58,607 [INFO] myRequests: Request Logger
2022-04-19 02:26:58,608 [INFO] app: Before Request
2022-04-19 02:26:58,608 [DEBUG] myDebugs: Debug Logger
2022-04-19 02:26:58,609 [INFO] myRequests: Request Logger
2022-04-19 02:26:58,717 [INFO] app: After Request
2022-04-19 02:26:58,718 [INFO] myRequests: Request Logger
2022-04-19 02:26:59,969 [INFO] app: Before Request
2022-04-19 02:26:59,970 [DEBUG] myDebugs: Debug Logger
2022-04-19 02:26:59,970 [INFO] myRequests: Request Logger
2022-04-19 02:26:59,975 [INFO] app: After Request
2022-04-19 02:26:59,976 [INFO] myRequests: Request Logger
2022-04-19 02:27:00,418 [INFO] app: Before Request
2022-04-19 02:27:00,418 [DEBUG] myDebugs: Debug Logger
2022-04-19 02:27:00,419 [INFO] myRequests: Request Logger
2022-04-19 02:27:00,428 [INFO] app: After Request
2022-04-19 02:27:00,429 [INFO] myRequests: Request Logger
2022-04-19 02:27:00,806 [INFO] app: Before Request
2022-04-19 02:27:00,807 [DEBUG] myDebugs: Debug Logger
2022-04-19 02:27:00,807 [INFO] myRequests: Request Logger
2022-04-19 02:27:00,817 [INFO] app: After Request
2022-04-19 02:27:00,817 [INFO] myRequests: Request Logger
2022-04-19 02:27:01,908 [INFO] app: Before Request
2022-04-19 02:27:01,909 [DEBUG] myDebugs: Debug Logger
2022-04-19 02:27:01,909 [INFO] myRequests: Request Logger
2022-04-19 02:27:01,921 [INFO] app: After Request
2022-04-19 02:27:01,921 [INFO] myRequests: Request Logger
2022-04-19 02:27:02,315 [INFO] app: Before Request
2022-04-19 02:27:02,316 [DEBUG] myDebugs: Debug Logger
2022-04-19 02:27:02,316 [INFO] myRequests: Request Logger
2022-04-19 02:27:02,326 [INFO] app: After Request
2022-04-19 02:27:02,327 [INFO] myRequests: Request Logger
2022-04-19 02:28:33,859 [INFO] myrequests: Request Logger
2022-04-19 02:28:33,859 [INFO] app: Before Request
2022-04-19 02:28:33,860 [INFO] myrequests: Request Logger
2022-04-19 02:28:33,966 [INFO] app: After Request
2022-04-19 02:28:33,967 [INFO] myrequests: Request Logger
2022-04-19 02:28:34,494 [INFO] app: Before Request
2022-04-19 02:28:34,495 [INFO] myrequests: Request Logger
2022-04-19 02:28:34,505 [INFO] app: After Request
2022-04-19 02:28:34,506 [INFO] myrequests: Request Logger
2022-04-19 02:28:35,006 [INFO] app: Before Request
2022-04-19 02:28:35,007 [INFO] myrequests: Request Logger
2022-04-19 02:28:35,016 [INFO] app: After Request
2022-04-19 02:28:35,017 [INFO] myrequests: Request Logger
2022-04-19 02:28:36,237 [INFO] app: Before Request
2022-04-19 02:28:36,238 [INFO] myrequests: Request Logger
2022-04-19 02:28:36,248 [INFO] app: After Request
2022-04-19 02:28:36,248 [INFO] myrequests: Request Logger
2022-04-19 02:29:44,880 [INFO] myrequests: Request Logger
2022-04-19 02:29:44,880 [INFO] app: Before Request
2022-04-19 02:29:44,881 [INFO] myrequests: Request Logger
2022-04-19 02:29:44,988 [INFO] app: After Request
2022-04-19 02:29:44,989 [INFO] myrequests: Request Logger
2022-04-19 02:29:45,543 [INFO] app: Before Request
2022-04-19 02:29:45,544 [INFO] myrequests: Request Logger
2022-04-19 02:29:45,554 [INFO] app: After Request
2022-04-19 02:29:45,554 [INFO] myrequests: Request Logger
2022-04-19 02:29:46,020 [INFO] app: Before Request
2022-04-19 02:29:46,021 [INFO] myrequests: Request Logger
2022-04-19 02:29:46,030 [INFO] app: After Request
2022-04-19 02:29:46,031 [INFO] myrequests: Request Logger
2022-04-19 02:33:26,149 [INFO] myrequests: Request Logger
2022-04-19 02:33:26,149 [INFO] app: Before Request
2022-04-19 02:33:26,150 [INFO] myrequests: Request Logger
2022-04-19 02:33:26,255 [INFO] app: After Request
2022-04-19 02:33:26,256 [INFO] myrequests: Request Logger
2022-04-19 02:33:26,809 [INFO] app: Before Request
2022-04-19 02:33:26,810 [INFO] myrequests: Request Logger
2022-04-19 02:33:26,820 [INFO] app: After Request
2022-04-19 02:33:26,820 [INFO] myrequests: Request Logger
2022-04-19 02:33:27,365 [INFO] app: Before Request
2022-04-19 02:33:27,366 [INFO] myrequests: Request Logger
2022-04-19 02:33:27,376 [INFO] app: After Request
2022-04-19 02:33:27,377 [INFO] myrequests: Request Logger
2022-04-19 02:38:04,128 [INFO] myrequests: Request Logger
2022-04-19 02:38:04,128 [INFO] app: Before Request
2022-04-19 02:38:04,129 [INFO] myrequests: Request Logger
2022-04-19 02:38:04,234 [INFO] app: After Request
2022-04-19 02:38:04,235 [INFO] myrequests: Request Logger
2022-04-19 02:38:04,846 [INFO] app: Before Request
2022-04-19 02:38:04,847 [INFO] myrequests: Request Logger
2022-04-19 02:38:04,858 [INFO] app: After Request
2022-04-19 02:38:04,859 [INFO] myrequests: Request Logger
2022-04-19 02:44:16,974 [INFO] app: Before Request
2022-04-19 02:44:17,079 [INFO] app: After Request
2022-04-19 02:44:17,664 [INFO] app: Before Request
2022-04-19 02:44:17,675 [INFO] app: After Request
2022-04-19 02:57:12,014 [INFO] app: Before Request
2022-04-19 02:57:12,120 [INFO] app: After Request
2022-04-19 02:57:12,137 [INFO] app: Before Request
2022-04-19 02:57:12,138 [INFO] app: After Request
2022-04-19 02:57:12,139 [INFO] app: Before Request
2022-04-19 02:57:12,242 [INFO] app: After Request
2022-04-19 02:57:12,244 [INFO] app: Before Request
2022-04-19 02:57:12,253 [INFO] app: After Request
2022-04-19 02:57:12,310 [INFO] app: Before Request
2022-04-19 02:57:12,414 [INFO] app: After Request
2022-04-19 02:57:12,431 [INFO] app: Before Request
2022-04-19 02:57:12,535 [INFO] app: After Request
2022-04-19 02:57:12,553 [INFO] app: Before Request
2022-04-19 02:57:12,658 [INFO] app: After Request
2022-04-19 02:57:12,675 [INFO] app: Before Request
2022-04-19 02:57:12,779 [INFO] app: After Request
2022-04-19 02:57:12,794 [INFO] app: Before Request
2022-04-19 02:57:12,898 [INFO] app: After Request
2022-04-19 02:57:12,915 [INFO] app: Before Request
2022-04-19 02:57:13,016 [INFO] app: After Request
2022-04-19 02:57:13,032 [INFO] app: Before Request
2022-04-19 02:57:13,133 [INFO] app: After Request
2022-04-19 02:57:13,150 [INFO] app: Before Request
2022-04-19 02:57:13,251 [INFO] app: After Request
2022-04-19 02:57:56,555 [INFO] app: Before Request
2022-04-19 02:57:56,733 [INFO] app: After Request
2022-04-19 02:57:56,755 [INFO] app: Before Request
2022-04-19 02:57:56,756 [INFO] app: After Request
2022-04-19 02:57:56,759 [INFO] app: Before Request
2022-04-19 02:57:56,928 [INFO] app: After Request
2022-04-19 02:57:56,930 [INFO] app: Before Request
2022-04-19 02:57:56,944 [INFO] app: After Request
2022-04-19 02:57:57,021 [INFO] app: Before Request
2022-04-19 02:57:57,191 [INFO] app: After Request
2022-04-19 02:57:57,213 [INFO] app: Before Request
2022-04-19 02:57:57,381 [INFO] app: After Request
2022-04-19 02:57:57,403 [INFO] app: Before Request
2022-04-19 02:57:57,572 [INFO] app: After Request
2022-04-19 02:57:57,595 [INFO] app: Before Request
2022-04-19 02:57:57,763 [INFO] app: After Request
2022-04-19 02:57:57,785 [INFO] app: Before Request
2022-04-19 02:57:57,953 [INFO] app: After Request
2022-04-19 02:57:57,974 [INFO] app: Before Request
2022-04-19 02:57:58,142 [INFO] app: After Request
2022-04-19 02:57:58,163 [INFO] app: Before Request
2022-04-19 02:57:58,332 [INFO] app: After Request
2022-04-19 02:57:58,353 [INFO] app: Before Request
2022-04-19 02:57:58,519 [INFO] app: After Request
2022-04-19 03:07:50,389 [INFO] app: Before Request
2022-04-19 03:07:50,500 [INFO] app: After Request
2022-04-19 03:07:51,047 [INFO] app: Before Request
2022-04-19 03:07:51,058 [INFO] app: After Request
2022-04-19 03:07:51,559 [INFO] app: Before Request
2022-04-19 03:07:51,571 [INFO] app: After Request
2022-04-19 03:07:52,601 [INFO] app: Before Request
2022-04-19 03:07:52,613 [INFO] app: After Request
2022-04-19 03:20:34,486 [INFO] app: Before Request
2022-04-19 03:20:34,594 [INFO] app: After Request
2022-04-19 03:20:36,596 [INFO] app: Before Request
2022-04-19 03:20:36,602 [INFO] app: After Request
2022-04-19 03:20:37,638 [INFO] app: Before Request
2022-04-19 03:20:37,649 [INFO] app: After Request
2022-04-19 03:20:38,314 [INFO] app: Before Request
2022-04-19 03:20:38,325 [INFO] app: After Request
2022-04-19 03:21:50,754 [INFO] app: Before Request
2022-04-19 03:21:50,760 [INFO] app: After Request
2022-04-19 03:28:23,951 [INFO] app: Before Request
2022-04-19 03:28:24,057 [INFO] app: After Request
2022-04-19 03:28:24,517 [INFO] app: Before Request
2022-04-19 03:28:24,528 [INFO] app: After Request
2022-04-19 03:28:25,189 [INFO] app: Before Request
2022-04-19 03:28:25,199 [INFO] app: After Request
2022-04-19 03:31:25,894 [INFO] app: Before Request
2022-04-19 03:31:26,001 [INFO] app: After Request
2022-04-19 03:31:26,542 [INFO] app: Before Request
2022-04-19 03:31:26,553 [INFO] app: After Request
