2022-04-17 20:46:39,441 [INFO] sqlalchemy.engine.Engine: BEGIN (implicit)
2022-04-17 20:46:39,442 [INFO] sqlalchemy.engine.Engine: PRAGMA main.table_info("songs")
2022-04-17 20:46:39,442 [INFO] sqlalchemy.engine.Engine: [raw sql] ()
2022-04-17 20:46:39,444 [INFO] sqlalchemy.engine.Engine: PRAGMA main.table_info("users")
2022-04-17 20:46:39,444 [INFO] sqlalchemy.engine.Engine: [raw sql] ()
2022-04-17 20:46:39,445 [INFO] sqlalchemy.engine.Engine: COMMIT
2022-04-17 23:11:56,815 [INFO] sqlalchemy.engine.Engine: BEGIN (implicit)
2022-04-17 23:11:56,816 [INFO] sqlalchemy.engine.Engine: PRAGMA main.table_info("songs")
2022-04-17 23:11:56,816 [INFO] sqlalchemy.engine.Engine: [raw sql] ()
2022-04-17 23:11:56,817 [INFO] sqlalchemy.engine.Engine: PRAGMA temp.table_info("songs")
2022-04-17 23:11:56,818 [INFO] sqlalchemy.engine.Engine: [raw sql] ()
2022-04-17 23:11:56,818 [INFO] sqlalchemy.engine.Engine: PRAGMA main.table_info("users")
2022-04-17 23:11:56,818 [INFO] sqlalchemy.engine.Engine: [raw sql] ()
2022-04-17 23:11:56,818 [INFO] sqlalchemy.engine.Engine: PRAGMA temp.table_info("users")
2022-04-17 23:11:56,819 [INFO] sqlalchemy.engine.Engine: [raw sql] ()
2022-04-17 23:11:56,819 [INFO] sqlalchemy.engine.Engine: 
CREATE TABLE users (
	id INTEGER NOT NULL, 
	email VARCHAR(120) NOT NULL, 
	password VARCHAR(300) NOT NULL, 
	about VARCHAR(300), 
	authenticated BOOLEAN, 
	registered_on DATETIME, 
	is_active BOOLEAN DEFAULT '1' NOT NULL, 
	is_admin BOOLEAN DEFAULT '0' NOT NULL, 
	PRIMARY KEY (id), 
	UNIQUE (email), 
	UNIQUE (password)
)


2022-04-17 23:11:56,819 [INFO] sqlalchemy.engine.Engine: [no key 0.00018s] ()
2022-04-17 23:11:56,875 [INFO] sqlalchemy.engine.Engine: 
CREATE TABLE songs (
	id INTEGER NOT NULL, 
	title VARCHAR(300), 
	user_id INTEGER, 
	PRIMARY KEY (id), 
	FOREIGN KEY(user_id) REFERENCES users (id)
)


2022-04-17 23:11:56,875 [INFO] sqlalchemy.engine.Engine: [no key 0.00035s] ()
2022-04-17 23:11:56,941 [INFO] sqlalchemy.engine.Engine: COMMIT
2022-04-17 23:21:52,882 [INFO] sqlalchemy.engine.Engine: BEGIN (implicit)
2022-04-17 23:21:52,884 [INFO] sqlalchemy.engine.Engine: SELECT users.is_active AS users_is_active, users.id AS users_id, users.email AS users_email, users.password AS users_password, users.about AS users_about, users.authenticated AS users_authenticated, users.registered_on AS users_registered_on, users.is_admin AS users_is_admin 
FROM users 
WHERE users.email = ?
 LIMIT ? OFFSET ?
2022-04-17 23:21:52,884 [INFO] sqlalchemy.engine.Engine: [generated in 0.00027s] ('diana@diana.com', 1, 0)
2022-04-17 23:21:52,888 [INFO] sqlalchemy.engine.Engine: ROLLBACK
2022-04-17 23:22:09,383 [INFO] sqlalchemy.engine.Engine: BEGIN (implicit)
2022-04-17 23:22:09,384 [INFO] sqlalchemy.engine.Engine: SELECT users.is_active AS users_is_active, users.id AS users_id, users.email AS users_email, users.password AS users_password, users.about AS users_about, users.authenticated AS users_authenticated, users.registered_on AS users_registered_on, users.is_admin AS users_is_admin 
FROM users 
WHERE users.email = ?
 LIMIT ? OFFSET ?
2022-04-17 23:22:09,384 [INFO] sqlalchemy.engine.Engine: [cached since 16.5s ago] ('diana@diana.com', 1, 0)
2022-04-17 23:22:09,456 [INFO] sqlalchemy.engine.Engine: INSERT INTO users (email, password, about, authenticated, registered_on) VALUES (?, ?, ?, ?, ?)
2022-04-17 23:22:09,456 [INFO] sqlalchemy.engine.Engine: [generated in 0.00045s] ('diana@diana.com', 'pbkdf2:sha256:260000$RogMPb2SyMhXtxnP$c6ebcac903f55d36b8a3974c8b14d927b24568f0fe3b1ff1d6cd1a0d13faf82c', None, 0, '2022-04-17 23:22:09.455367')
2022-04-17 23:22:09,461 [INFO] sqlalchemy.engine.Engine: COMMIT
2022-04-17 23:22:09,523 [INFO] sqlalchemy.engine.Engine: BEGIN (implicit)
2022-04-17 23:22:09,524 [INFO] sqlalchemy.engine.Engine: SELECT users.is_active AS users_is_active, users.id AS users_id, users.email AS users_email, users.password AS users_password, users.about AS users_about, users.authenticated AS users_authenticated, users.registered_on AS users_registered_on, users.is_admin AS users_is_admin 
FROM users 
WHERE users.id = ?
2022-04-17 23:22:09,524 [INFO] sqlalchemy.engine.Engine: [generated in 0.00027s] (1,)
2022-04-17 23:22:09,527 [INFO] sqlalchemy.engine.Engine: UPDATE users SET is_admin=? WHERE users.id = ?
2022-04-17 23:22:09,527 [INFO] sqlalchemy.engine.Engine: [generated in 0.00026s] (1, 1)
2022-04-17 23:22:09,531 [INFO] sqlalchemy.engine.Engine: COMMIT
2022-04-17 23:22:27,762 [INFO] sqlalchemy.engine.Engine: BEGIN (implicit)
2022-04-17 23:22:27,762 [INFO] sqlalchemy.engine.Engine: SELECT users.is_active AS users_is_active, users.id AS users_id, users.email AS users_email, users.password AS users_password, users.about AS users_about, users.authenticated AS users_authenticated, users.registered_on AS users_registered_on, users.is_admin AS users_is_admin 
FROM users 
WHERE users.email = ?
 LIMIT ? OFFSET ?
2022-04-17 23:22:27,762 [INFO] sqlalchemy.engine.Engine: [cached since 34.88s ago] ('diana@diana.com', 1, 0)
2022-04-17 23:22:27,835 [INFO] sqlalchemy.engine.Engine: UPDATE users SET authenticated=? WHERE users.id = ?
2022-04-17 23:22:27,836 [INFO] sqlalchemy.engine.Engine: [generated in 0.00044s] (1, 1)
2022-04-17 23:22:27,839 [INFO] sqlalchemy.engine.Engine: COMMIT
2022-04-17 23:22:27,896 [INFO] sqlalchemy.engine.Engine: BEGIN (implicit)
2022-04-17 23:22:27,896 [INFO] sqlalchemy.engine.Engine: SELECT users.is_active AS users_is_active, users.id AS users_id, users.email AS users_email, users.password AS users_password, users.about AS users_about, users.authenticated AS users_authenticated, users.registered_on AS users_registered_on, users.is_admin AS users_is_admin 
FROM users 
WHERE users.id = ?
2022-04-17 23:22:27,896 [INFO] sqlalchemy.engine.Engine: [cached since 18.37s ago] (1,)
2022-04-17 23:22:27,900 [INFO] sqlalchemy.engine.Engine: ROLLBACK
2022-04-17 23:22:27,908 [INFO] sqlalchemy.engine.Engine: BEGIN (implicit)
2022-04-17 23:22:27,909 [INFO] sqlalchemy.engine.Engine: SELECT users.is_active AS users_is_active, users.id AS users_id, users.email AS users_email, users.password AS users_password, users.about AS users_about, users.authenticated AS users_authenticated, users.registered_on AS users_registered_on, users.is_admin AS users_is_admin 
FROM users 
WHERE users.id = ?
2022-04-17 23:22:27,909 [INFO] sqlalchemy.engine.Engine: [generated in 0.00024s] (1,)
2022-04-17 23:22:27,921 [INFO] sqlalchemy.engine.Engine: ROLLBACK
2022-04-17 23:22:29,556 [INFO] sqlalchemy.engine.Engine: BEGIN (implicit)
2022-04-17 23:22:29,556 [INFO] sqlalchemy.engine.Engine: SELECT users.is_active AS users_is_active, users.id AS users_id, users.email AS users_email, users.password AS users_password, users.about AS users_about, users.authenticated AS users_authenticated, users.registered_on AS users_registered_on, users.is_admin AS users_is_admin 
FROM users 
WHERE users.id = ?
2022-04-17 23:22:29,556 [INFO] sqlalchemy.engine.Engine: [cached since 1.647s ago] (1,)
2022-04-17 23:22:29,559 [INFO] sqlalchemy.engine.Engine: SELECT users.is_active AS users_is_active, users.id AS users_id, users.email AS users_email, users.password AS users_password, users.about AS users_about, users.authenticated AS users_authenticated, users.registered_on AS users_registered_on, users.is_admin AS users_is_admin 
FROM users
2022-04-17 23:22:29,560 [INFO] sqlalchemy.engine.Engine: [generated in 0.00022s] ()
2022-04-17 23:22:29,615 [INFO] sqlalchemy.engine.Engine: ROLLBACK
2022-04-17 23:22:53,584 [INFO] sqlalchemy.engine.Engine: BEGIN (implicit)
2022-04-17 23:22:53,585 [INFO] sqlalchemy.engine.Engine: SELECT users.is_active AS users_is_active, users.id AS users_id, users.email AS users_email, users.password AS users_password, users.about AS users_about, users.authenticated AS users_authenticated, users.registered_on AS users_registered_on, users.is_admin AS users_is_admin 
FROM users 
WHERE users.id = ?
2022-04-17 23:22:53,585 [INFO] sqlalchemy.engine.Engine: [cached since 25.68s ago] (1,)
2022-04-17 23:22:53,588 [INFO] sqlalchemy.engine.Engine: SELECT users.is_active AS users_is_active, users.id AS users_id, users.email AS users_email, users.password AS users_password, users.about AS users_about, users.authenticated AS users_authenticated, users.registered_on AS users_registered_on, users.is_admin AS users_is_admin 
FROM users
2022-04-17 23:22:53,588 [INFO] sqlalchemy.engine.Engine: [cached since 24.03s ago] ()
2022-04-17 23:22:53,594 [INFO] sqlalchemy.engine.Engine: ROLLBACK
2022-04-18 20:20:00,144 [INFO] sqlalchemy.engine.Engine: BEGIN (implicit)
2022-04-18 20:20:00,146 [INFO] sqlalchemy.engine.Engine: PRAGMA main.table_info("songs")
2022-04-18 20:20:00,147 [INFO] sqlalchemy.engine.Engine: [raw sql] ()
2022-04-18 20:20:00,163 [INFO] sqlalchemy.engine.Engine: PRAGMA main.table_info("users")
2022-04-18 20:20:00,165 [INFO] sqlalchemy.engine.Engine: [raw sql] ()
2022-04-18 20:20:00,171 [INFO] sqlalchemy.engine.Engine: COMMIT
2022-04-18 20:20:34,078 [INFO] sqlalchemy.engine.Engine: BEGIN (implicit)
2022-04-18 20:20:34,081 [INFO] sqlalchemy.engine.Engine: PRAGMA main.table_info("songs")
2022-04-18 20:20:34,083 [INFO] sqlalchemy.engine.Engine: [raw sql] ()
2022-04-18 20:20:34,090 [INFO] sqlalchemy.engine.Engine: PRAGMA main.table_info("users")
2022-04-18 20:20:34,092 [INFO] sqlalchemy.engine.Engine: [raw sql] ()
2022-04-18 20:20:34,097 [INFO] sqlalchemy.engine.Engine: COMMIT
2022-04-18 20:21:21,886 [INFO] sqlalchemy.engine.Engine: BEGIN (implicit)
2022-04-18 20:21:21,888 [INFO] sqlalchemy.engine.Engine: PRAGMA main.table_info("songs")
2022-04-18 20:21:21,890 [INFO] sqlalchemy.engine.Engine: [raw sql] ()
2022-04-18 20:21:21,896 [INFO] sqlalchemy.engine.Engine: PRAGMA main.table_info("users")
2022-04-18 20:21:21,898 [INFO] sqlalchemy.engine.Engine: [raw sql] ()
2022-04-18 20:21:21,902 [INFO] sqlalchemy.engine.Engine: COMMIT
2022-04-19 01:33:01,627 [INFO] sqlalchemy.engine.Engine: BEGIN (implicit)
2022-04-19 01:33:01,627 [INFO] sqlalchemy.engine.Engine: PRAGMA main.table_info("songs")
2022-04-19 01:33:01,627 [INFO] sqlalchemy.engine.Engine: [raw sql] ()
2022-04-19 01:33:01,629 [INFO] sqlalchemy.engine.Engine: PRAGMA main.table_info("users")
2022-04-19 01:33:01,630 [INFO] sqlalchemy.engine.Engine: [raw sql] ()
2022-04-19 01:33:01,631 [INFO] sqlalchemy.engine.Engine: COMMIT
2022-04-19 02:57:12,289 [INFO] sqlalchemy.engine.Engine: BEGIN (implicit)
2022-04-19 02:57:12,290 [INFO] sqlalchemy.engine.Engine: PRAGMA main.table_info("songs")
2022-04-19 02:57:12,290 [INFO] sqlalchemy.engine.Engine: [raw sql] ()
2022-04-19 02:57:12,292 [INFO] sqlalchemy.engine.Engine: PRAGMA main.table_info("users")
2022-04-19 02:57:12,292 [INFO] sqlalchemy.engine.Engine: [raw sql] ()
2022-04-19 02:57:12,293 [INFO] sqlalchemy.engine.Engine: COMMIT
2022-04-19 02:57:56,992 [INFO] sqlalchemy.engine.Engine: BEGIN (implicit)
2022-04-19 02:57:56,993 [INFO] sqlalchemy.engine.Engine: PRAGMA main.table_info("songs")
2022-04-19 02:57:56,993 [INFO] sqlalchemy.engine.Engine: [raw sql] ()
2022-04-19 02:57:56,995 [INFO] sqlalchemy.engine.Engine: PRAGMA main.table_info("users")
2022-04-19 02:57:56,995 [INFO] sqlalchemy.engine.Engine: [raw sql] ()
2022-04-19 02:57:56,997 [INFO] sqlalchemy.engine.Engine: COMMIT
2022-04-24 22:11:29,771 [INFO] sqlalchemy.engine.Engine: BEGIN (implicit)
2022-04-24 22:11:29,773 [INFO] sqlalchemy.engine.Engine: SELECT users.is_active AS users_is_active, users.id AS users_id, users.email AS users_email, users.password AS users_password, users.about AS users_about, users.authenticated AS users_authenticated, users.registered_on AS users_registered_on, users.is_admin AS users_is_admin 
FROM users 
WHERE users.email = ?
 LIMIT ? OFFSET ?
2022-04-24 22:11:29,773 [INFO] sqlalchemy.engine.Engine: [generated in 0.00034s] ('diana.zawislak@icloud.com', 1, 0)
2022-04-24 22:11:29,778 [INFO] sqlalchemy.engine.Engine: ROLLBACK
2022-04-24 22:30:08,322 [INFO] sqlalchemy.engine.Engine: BEGIN (implicit)
2022-04-24 22:30:08,323 [INFO] sqlalchemy.engine.Engine: SELECT users.is_active AS users_is_active, users.id AS users_id, users.email AS users_email, users.password AS users_password, users.about AS users_about, users.authenticated AS users_authenticated, users.registered_on AS users_registered_on, users.is_admin AS users_is_admin 
FROM users 
WHERE users.email = ?
 LIMIT ? OFFSET ?
2022-04-24 22:30:08,323 [INFO] sqlalchemy.engine.Engine: [cached since 1119s ago] ('diana@diana.com', 1, 0)
2022-04-24 22:30:08,328 [INFO] sqlalchemy.engine.Engine: ROLLBACK
2022-04-24 22:30:23,573 [INFO] sqlalchemy.engine.Engine: BEGIN (implicit)
2022-04-24 22:30:23,573 [INFO] sqlalchemy.engine.Engine: SELECT users.is_active AS users_is_active, users.id AS users_id, users.email AS users_email, users.password AS users_password, users.about AS users_about, users.authenticated AS users_authenticated, users.registered_on AS users_registered_on, users.is_admin AS users_is_admin 
FROM users 
WHERE users.email = ?
 LIMIT ? OFFSET ?
2022-04-24 22:30:23,573 [INFO] sqlalchemy.engine.Engine: [cached since 1134s ago] ('diana@diana.com', 1, 0)
2022-04-24 22:30:23,647 [INFO] sqlalchemy.engine.Engine: UPDATE users SET authenticated=? WHERE users.id = ?
2022-04-24 22:30:23,647 [INFO] sqlalchemy.engine.Engine: [generated in 0.00042s] (1, 1)
2022-04-24 22:30:23,652 [INFO] sqlalchemy.engine.Engine: COMMIT
2022-04-24 22:30:23,729 [INFO] sqlalchemy.engine.Engine: BEGIN (implicit)
2022-04-24 22:30:23,730 [INFO] sqlalchemy.engine.Engine: SELECT users.is_active AS users_is_active, users.id AS users_id, users.email AS users_email, users.password AS users_password, users.about AS users_about, users.authenticated AS users_authenticated, users.registered_on AS users_registered_on, users.is_admin AS users_is_admin 
FROM users 
WHERE users.id = ?
2022-04-24 22:30:23,730 [INFO] sqlalchemy.engine.Engine: [generated in 0.00026s] (1,)
2022-04-24 22:30:23,735 [INFO] sqlalchemy.engine.Engine: ROLLBACK
2022-04-24 22:30:23,744 [INFO] sqlalchemy.engine.Engine: BEGIN (implicit)
2022-04-24 22:30:23,745 [INFO] sqlalchemy.engine.Engine: SELECT users.is_active AS users_is_active, users.id AS users_id, users.email AS users_email, users.password AS users_password, users.about AS users_about, users.authenticated AS users_authenticated, users.registered_on AS users_registered_on, users.is_admin AS users_is_admin 
FROM users 
WHERE users.id = ?
2022-04-24 22:30:23,745 [INFO] sqlalchemy.engine.Engine: [generated in 0.00026s] (1,)
2022-04-24 22:30:23,762 [INFO] sqlalchemy.engine.Engine: ROLLBACK
2022-04-24 22:30:32,345 [INFO] sqlalchemy.engine.Engine: BEGIN (implicit)
2022-04-24 22:30:32,345 [INFO] sqlalchemy.engine.Engine: SELECT users.is_active AS users_is_active, users.id AS users_id, users.email AS users_email, users.password AS users_password, users.about AS users_about, users.authenticated AS users_authenticated, users.registered_on AS users_registered_on, users.is_admin AS users_is_admin 
FROM users 
WHERE users.id = ?
2022-04-24 22:30:32,345 [INFO] sqlalchemy.engine.Engine: [cached since 8.601s ago] (1,)
2022-04-24 22:30:32,349 [INFO] sqlalchemy.engine.Engine: SELECT users.is_active AS users_is_active, users.id AS users_id, users.email AS users_email, users.password AS users_password, users.about AS users_about, users.authenticated AS users_authenticated, users.registered_on AS users_registered_on, users.is_admin AS users_is_admin 
FROM users
2022-04-24 22:30:32,349 [INFO] sqlalchemy.engine.Engine: [generated in 0.00033s] ()
2022-04-24 22:30:32,408 [INFO] sqlalchemy.engine.Engine: ROLLBACK
2022-04-24 22:30:36,210 [INFO] sqlalchemy.engine.Engine: BEGIN (implicit)
2022-04-24 22:30:36,211 [INFO] sqlalchemy.engine.Engine: SELECT users.is_active AS users_is_active, users.id AS users_id, users.email AS users_email, users.password AS users_password, users.about AS users_about, users.authenticated AS users_authenticated, users.registered_on AS users_registered_on, users.is_admin AS users_is_admin 
FROM users 
WHERE users.id = ?
2022-04-24 22:30:36,211 [INFO] sqlalchemy.engine.Engine: [cached since 12.47s ago] (1,)
2022-04-24 22:30:36,218 [INFO] sqlalchemy.engine.Engine: ROLLBACK
2022-04-24 22:32:39,512 [INFO] sqlalchemy.engine.Engine: BEGIN (implicit)
2022-04-24 22:32:39,513 [INFO] sqlalchemy.engine.Engine: SELECT users.is_active AS users_is_active, users.id AS users_id, users.email AS users_email, users.password AS users_password, users.about AS users_about, users.authenticated AS users_authenticated, users.registered_on AS users_registered_on, users.is_admin AS users_is_admin 
FROM users 
WHERE users.id = ?
2022-04-24 22:32:39,513 [INFO] sqlalchemy.engine.Engine: [cached since 135.8s ago] (1,)
2022-04-24 22:32:39,532 [INFO] sqlalchemy.engine.Engine: ROLLBACK
2022-04-24 22:32:40,215 [INFO] sqlalchemy.engine.Engine: BEGIN (implicit)
2022-04-24 22:32:40,215 [INFO] sqlalchemy.engine.Engine: SELECT users.is_active AS users_is_active, users.id AS users_id, users.email AS users_email, users.password AS users_password, users.about AS users_about, users.authenticated AS users_authenticated, users.registered_on AS users_registered_on, users.is_admin AS users_is_admin 
FROM users 
WHERE users.id = ?
2022-04-24 22:32:40,216 [INFO] sqlalchemy.engine.Engine: [cached since 136.5s ago] (1,)
2022-04-24 22:32:40,223 [INFO] sqlalchemy.engine.Engine: ROLLBACK
2022-04-24 22:32:45,504 [INFO] sqlalchemy.engine.Engine: BEGIN (implicit)
2022-04-24 22:32:45,505 [INFO] sqlalchemy.engine.Engine: SELECT users.is_active AS users_is_active, users.id AS users_id, users.email AS users_email, users.password AS users_password, users.about AS users_about, users.authenticated AS users_authenticated, users.registered_on AS users_registered_on, users.is_admin AS users_is_admin 
FROM users 
WHERE users.id = ?
2022-04-24 22:32:45,505 [INFO] sqlalchemy.engine.Engine: [cached since 141.8s ago] (1,)
2022-04-24 22:32:45,508 [INFO] sqlalchemy.engine.Engine: SELECT users.is_active AS users_is_active, users.id AS users_id, users.email AS users_email, users.password AS users_password, users.about AS users_about, users.authenticated AS users_authenticated, users.registered_on AS users_registered_on, users.is_admin AS users_is_admin 
FROM users
2022-04-24 22:32:45,509 [INFO] sqlalchemy.engine.Engine: [cached since 133.2s ago] ()
2022-04-24 22:32:45,515 [INFO] sqlalchemy.engine.Engine: ROLLBACK
2022-04-24 22:32:46,070 [INFO] sqlalchemy.engine.Engine: BEGIN (implicit)
2022-04-24 22:32:46,070 [INFO] sqlalchemy.engine.Engine: SELECT users.is_active AS users_is_active, users.id AS users_id, users.email AS users_email, users.password AS users_password, users.about AS users_about, users.authenticated AS users_authenticated, users.registered_on AS users_registered_on, users.is_admin AS users_is_admin 
FROM users 
WHERE users.id = ?
2022-04-24 22:32:46,070 [INFO] sqlalchemy.engine.Engine: [cached since 142.3s ago] (1,)
2022-04-24 22:32:46,079 [INFO] sqlalchemy.engine.Engine: ROLLBACK
2022-04-24 22:32:46,846 [INFO] sqlalchemy.engine.Engine: BEGIN (implicit)
2022-04-24 22:32:46,846 [INFO] sqlalchemy.engine.Engine: SELECT users.is_active AS users_is_active, users.id AS users_id, users.email AS users_email, users.password AS users_password, users.about AS users_about, users.authenticated AS users_authenticated, users.registered_on AS users_registered_on, users.is_admin AS users_is_admin 
FROM users 
WHERE users.id = ?
2022-04-24 22:32:46,847 [INFO] sqlalchemy.engine.Engine: [cached since 143.1s ago] (1,)
2022-04-24 22:32:46,854 [INFO] sqlalchemy.engine.Engine: ROLLBACK
2022-04-24 22:38:06,135 [INFO] sqlalchemy.engine.Engine: BEGIN (implicit)
2022-04-24 22:38:06,135 [INFO] sqlalchemy.engine.Engine: SELECT users.is_active AS users_is_active, users.id AS users_id, users.email AS users_email, users.password AS users_password, users.about AS users_about, users.authenticated AS users_authenticated, users.registered_on AS users_registered_on, users.is_admin AS users_is_admin 
FROM users 
WHERE users.id = ?
2022-04-24 22:38:06,135 [INFO] sqlalchemy.engine.Engine: [cached since 462.4s ago] (1,)
2022-04-24 22:38:06,145 [INFO] sqlalchemy.engine.Engine: ROLLBACK
2022-04-24 22:41:12,384 [INFO] sqlalchemy.engine.Engine: BEGIN (implicit)
2022-04-24 22:41:12,384 [INFO] sqlalchemy.engine.Engine: SELECT users.is_active AS users_is_active, users.id AS users_id, users.email AS users_email, users.password AS users_password, users.about AS users_about, users.authenticated AS users_authenticated, users.registered_on AS users_registered_on, users.is_admin AS users_is_admin 
FROM users 
WHERE users.id = ?
2022-04-24 22:41:12,385 [INFO] sqlalchemy.engine.Engine: [cached since 648.6s ago] (1,)
2022-04-24 22:41:12,393 [INFO] sqlalchemy.engine.Engine: ROLLBACK
2022-04-24 22:41:28,048 [INFO] sqlalchemy.engine.Engine: BEGIN (implicit)
2022-04-24 22:41:28,049 [INFO] sqlalchemy.engine.Engine: SELECT users.is_active AS users_is_active, users.id AS users_id, users.email AS users_email, users.password AS users_password, users.about AS users_about, users.authenticated AS users_authenticated, users.registered_on AS users_registered_on, users.is_admin AS users_is_admin 
FROM users 
WHERE users.id = ?
2022-04-24 22:41:28,049 [INFO] sqlalchemy.engine.Engine: [cached since 664.3s ago] (1,)
2022-04-24 22:41:28,056 [INFO] sqlalchemy.engine.Engine: ROLLBACK
2022-04-24 22:41:30,911 [INFO] sqlalchemy.engine.Engine: BEGIN (implicit)
2022-04-24 22:41:30,912 [INFO] sqlalchemy.engine.Engine: SELECT users.is_active AS users_is_active, users.id AS users_id, users.email AS users_email, users.password AS users_password, users.about AS users_about, users.authenticated AS users_authenticated, users.registered_on AS users_registered_on, users.is_admin AS users_is_admin 
FROM users 
WHERE users.id = ?
2022-04-24 22:41:30,912 [INFO] sqlalchemy.engine.Engine: [cached since 667.2s ago] (1,)
2022-04-24 22:41:30,915 [INFO] sqlalchemy.engine.Engine: SELECT users.is_active AS users_is_active, users.id AS users_id, users.email AS users_email, users.password AS users_password, users.about AS users_about, users.authenticated AS users_authenticated, users.registered_on AS users_registered_on, users.is_admin AS users_is_admin 
FROM users
2022-04-24 22:41:30,915 [INFO] sqlalchemy.engine.Engine: [cached since 658.6s ago] ()
2022-04-24 22:41:30,924 [INFO] sqlalchemy.engine.Engine: ROLLBACK
2022-04-24 22:41:35,298 [INFO] sqlalchemy.engine.Engine: BEGIN (implicit)
2022-04-24 22:41:35,299 [INFO] sqlalchemy.engine.Engine: SELECT users.is_active AS users_is_active, users.id AS users_id, users.email AS users_email, users.password AS users_password, users.about AS users_about, users.authenticated AS users_authenticated, users.registered_on AS users_registered_on, users.is_admin AS users_is_admin 
FROM users 
WHERE users.id = ?
2022-04-24 22:41:35,299 [INFO] sqlalchemy.engine.Engine: [cached since 671.6s ago] (1,)
2022-04-24 22:41:35,307 [INFO] sqlalchemy.engine.Engine: ROLLBACK
2022-04-24 22:41:38,674 [INFO] sqlalchemy.engine.Engine: BEGIN (implicit)
2022-04-24 22:41:38,674 [INFO] sqlalchemy.engine.Engine: SELECT users.is_active AS users_is_active, users.id AS users_id, users.email AS users_email, users.password AS users_password, users.about AS users_about, users.authenticated AS users_authenticated, users.registered_on AS users_registered_on, users.is_admin AS users_is_admin 
FROM users 
WHERE users.id = ?
2022-04-24 22:41:38,674 [INFO] sqlalchemy.engine.Engine: [cached since 674.9s ago] (1,)
2022-04-24 22:41:38,677 [INFO] sqlalchemy.engine.Engine: UPDATE users SET authenticated=? WHERE users.id = ?
2022-04-24 22:41:38,677 [INFO] sqlalchemy.engine.Engine: [cached since 675s ago] (0, 1)
2022-04-24 22:41:38,681 [INFO] sqlalchemy.engine.Engine: COMMIT
2022-04-25 00:36:59,206 [INFO] sqlalchemy.engine.Engine: BEGIN (implicit)
2022-04-25 00:36:59,209 [INFO] sqlalchemy.engine.Engine: SELECT users.is_active AS users_is_active, users.id AS users_id, users.email AS users_email, users.password AS users_password, users.about AS users_about, users.authenticated AS users_authenticated, users.registered_on AS users_registered_on, users.is_admin AS users_is_admin 
FROM users 
WHERE users.email = ?
 LIMIT ? OFFSET ?
2022-04-25 00:36:59,209 [INFO] sqlalchemy.engine.Engine: [generated in 0.00040s] ('diana.zawislak@icloud.com', 1, 0)
2022-04-25 00:36:59,214 [INFO] sqlalchemy.engine.Engine: ROLLBACK
